{"uuid":"2baeafed-cea8-4c9a-a3d4-343ac2def966","historyId":"aa155454f15724759e462c71b43756fa","fullName":"DemoqaTest.timerAlertMessageTest","labels":[{"name":"package","value":"DemoqaTest"},{"name":"testClass","value":"DemoqaTest"},{"name":"testMethod","value":"timerAlertMessageTest"},{"name":"parentSuite","value":"Default Suite"},{"name":"suite","value":"demoqa-test"},{"name":"subSuite","value":"DemoqaTest"},{"name":"host","value":"DESKTOP-62S4S9D"},{"name":"thread","value":"20316@DESKTOP-62S4S9D.main(1)"},{"name":"framework","value":"testng"},{"name":"language","value":"java"}],"links":[],"name":"timerAlertMessageTest","status":"failed","statusDetails":{"known":false,"muted":false,"flaky":false,"message":"Alert not found\r\nScreenshot: file:/C:/Users/Admin/IdeaProjects/demoqa-test/build/reports/tests/1737428432737.0.png\r\nPage source: file:/C:/Users/Admin/IdeaProjects/demoqa-test/build/reports/tests/1737428432737.0.html\r\nTimeout: 4 s.\r\nCaused by: TimeoutException: Expected condition failed: waiting for alert to be present (tried for 4 second(s) with 200 milliseconds interval)","trace":"Alert not found\r\nScreenshot: file:/C:/Users/Admin/IdeaProjects/demoqa-test/build/reports/tests/1737428432737.0.png\r\nPage source: file:/C:/Users/Admin/IdeaProjects/demoqa-test/build/reports/tests/1737428432737.0.html\r\nTimeout: 4 s.\r\nCaused by: TimeoutException: Expected condition failed: waiting for alert to be present (tried for 4 second(s) with 200 milliseconds interval)\r\n\tat com.codeborne.selenide.SelenideTargetLocator.alertNotFoundError(SelenideTargetLocator.java:308)\r\n\tat com.codeborne.selenide.SelenideTargetLocator.alert(SelenideTargetLocator.java:182)\r\n\tat com.codeborne.selenide.SelenideTargetLocator.alert(SelenideTargetLocator.java:172)\r\n\tat page.AlertsPage.getMessageText(AlertsPage.java:41)\r\n\tat DemoqaTest.timerAlertMessageTest(DemoqaTest.java:165)\r\n\tat java.base/jdk.internal.reflect.NativeMethodAccessorImpl.invoke0(Native Method)\r\n\tat java.base/jdk.internal.reflect.NativeMethodAccessorImpl.invoke(NativeMethodAccessorImpl.java:77)\r\n\tat java.base/jdk.internal.reflect.DelegatingMethodAccessorImpl.invoke(DelegatingMethodAccessorImpl.java:43)\r\n\tat java.base/java.lang.reflect.Method.invoke(Method.java:568)\r\n\tat org.testng.internal.invokers.MethodInvocationHelper.invokeMethod(MethodInvocationHelper.java:141)\r\n\tat org.testng.internal.invokers.TestInvoker.invokeMethod(TestInvoker.java:686)\r\n\tat org.testng.internal.invokers.TestInvoker.invokeTestMethod(TestInvoker.java:230)\r\n\tat org.testng.internal.invokers.MethodRunner.runInSequence(MethodRunner.java:63)\r\n\tat org.testng.internal.invokers.TestInvoker$MethodInvocationAgent.invoke(TestInvoker.java:992)\r\n\tat org.testng.internal.invokers.TestInvoker.invokeTestMethods(TestInvoker.java:203)\r\n\tat org.testng.internal.invokers.TestMethodWorker.invokeTestMethods(TestMethodWorker.java:154)\r\n\tat org.testng.internal.invokers.TestMethodWorker.run(TestMethodWorker.java:134)\r\n\tat java.base/java.util.ArrayList.forEach(ArrayList.java:1511)\r\n\tat org.testng.TestRunner.privateRun(TestRunner.java:739)\r\n\tat org.testng.TestRunner.run(TestRunner.java:614)\r\n\tat org.testng.SuiteRunner.runTest(SuiteRunner.java:421)\r\n\tat org.testng.SuiteRunner.runSequentially(SuiteRunner.java:413)\r\n\tat org.testng.SuiteRunner.privateRun(SuiteRunner.java:373)\r\n\tat org.testng.SuiteRunner.run(SuiteRunner.java:312)\r\n\tat org.testng.SuiteRunnerWorker.runSuite(SuiteRunnerWorker.java:52)\r\n\tat org.testng.SuiteRunnerWorker.run(SuiteRunnerWorker.java:95)\r\n\tat org.testng.TestNG.runSuitesSequentially(TestNG.java:1274)\r\n\tat org.testng.TestNG.runSuitesLocally(TestNG.java:1208)\r\n\tat org.testng.TestNG.runSuites(TestNG.java:1112)\r\n\tat org.testng.TestNG.run(TestNG.java:1079)\r\n\tat com.intellij.rt.testng.IDEARemoteTestNG.run(IDEARemoteTestNG.java:66)\r\n\tat com.intellij.rt.testng.RemoteTestNGStarter.main(RemoteTestNGStarter.java:109)\r\nCaused by: org.openqa.selenium.TimeoutException: Expected condition failed: waiting for alert to be present (tried for 4 second(s) with 200 milliseconds interval)\nBuild info: version: '4.27.0', revision: 'd6e718d134'\nSystem info: os.name: 'Windows 10', os.arch: 'amd64', os.version: '10.0', java.version: '17.0.7'\nDriver info: driver.version: unknown\r\n\tat org.openqa.selenium.support.ui.FluentWait.timeoutException(FluentWait.java:265)\r\n\tat org.openqa.selenium.support.ui.FluentWait.until(FluentWait.java:228)\r\n\tat com.codeborne.selenide.SelenideTargetLocator.alert(SelenideTargetLocator.java:179)\r\n\t... 30 more\r\n"},"stage":"finished","steps":[{"name":"$(\"open\") https://demoqa.com/","status":"passed","stage":"finished","steps":[{"name":"$(\"webdriver\") create()","status":"passed","stage":"finished","steps":[],"attachments":[],"parameters":[],"start":1737428422884,"stop":1737428426532}],"attachments":[],"parameters":[],"start":1737428422872,"stop":1737428427819},{"name":"$(\"By.xpath: //h5[contains(text(), 'Alerts')]\") click()","status":"passed","stage":"finished","steps":[],"attachments":[],"parameters":[],"start":1737428427823,"stop":1737428428299},{"name":"$(\"By.xpath: //span[text()='Alerts']\") click()","status":"passed","stage":"finished","steps":[],"attachments":[],"parameters":[],"start":1737428428310,"stop":1737428428419},{"name":"$(\"#timerAlertButton\") click()","status":"passed","stage":"finished","steps":[],"attachments":[],"parameters":[],"start":1737428428420,"stop":1737428428507},{"name":"$(\"#timerAlertButton\") should be(visible)","status":"passed","stage":"finished","steps":[],"attachments":[],"parameters":[],"start":1737428428510,"stop":1737428428538}],"attachments":[],"parameters":[],"start":1737428422517,"stop":1737428432929}