{"uuid":"2c8a89ee-1ea2-4af2-bd62-044fd6a2853c","historyId":"e6a88c74f39bb56f5f7cd1ce7dec9ecf","fullName":"DemoqaTest.secondFrameTest","labels":[{"name":"package","value":"DemoqaTest"},{"name":"testClass","value":"DemoqaTest"},{"name":"testMethod","value":"secondFrameTest"},{"name":"parentSuite","value":"Default Suite"},{"name":"suite","value":"demoqa-test"},{"name":"subSuite","value":"DemoqaTest"},{"name":"host","value":"DESKTOP-62S4S9D"},{"name":"thread","value":"9016@DESKTOP-62S4S9D.main(1)"},{"name":"framework","value":"testng"},{"name":"language","value":"java"}],"links":[],"name":"secondFrameTest","status":"failed","statusDetails":{"known":false,"muted":false,"flaky":false,"message":"No frame found with index: 2\r\nScreenshot: file:/C:/Users/Admin/IdeaProjects/demoqa-test/build/reports/tests/1737430634734.0.png\r\nPage source: file:/C:/Users/Admin/IdeaProjects/demoqa-test/build/reports/tests/1737430634734.0.html\r\nTimeout: 4 s.\r\nCaused by: TimeoutException: timeout: Timed out receiving message from renderer: 30.000","trace":"No frame found with index: 2\r\nScreenshot: file:/C:/Users/Admin/IdeaProjects/demoqa-test/build/reports/tests/1737430634734.0.png\r\nPage source: file:/C:/Users/Admin/IdeaProjects/demoqa-test/build/reports/tests/1737430634734.0.html\r\nTimeout: 4 s.\r\nCaused by: TimeoutException: timeout: Timed out receiving message from renderer: 30.000\r\n\tat com.codeborne.selenide.SelenideTargetLocator.frameNotFoundError(SelenideTargetLocator.java:298)\r\n\tat com.codeborne.selenide.SelenideTargetLocator.lambda$frame$0(SelenideTargetLocator.java:96)\r\n\tat com.codeborne.selenide.logevents.SelenideLogger.wrap(SelenideLogger.java:128)\r\n\tat com.codeborne.selenide.logevents.SelenideLogger.get(SelenideLogger.java:106)\r\n\tat com.codeborne.selenide.SelenideTargetLocator.frame(SelenideTargetLocator.java:91)\r\n\tat com.codeborne.selenide.SelenideTargetLocator.frame(SelenideTargetLocator.java:52)\r\n\tat page.FramesPage.getSecondFrameText(FramesPage.java:20)\r\n\tat DemoqaTest.secondFrameTest(DemoqaTest.java:232)\r\n\tat java.base/jdk.internal.reflect.NativeMethodAccessorImpl.invoke0(Native Method)\r\n\tat java.base/jdk.internal.reflect.NativeMethodAccessorImpl.invoke(NativeMethodAccessorImpl.java:77)\r\n\tat java.base/jdk.internal.reflect.DelegatingMethodAccessorImpl.invoke(DelegatingMethodAccessorImpl.java:43)\r\n\tat java.base/java.lang.reflect.Method.invoke(Method.java:568)\r\n\tat org.testng.internal.invokers.MethodInvocationHelper.invokeMethod(MethodInvocationHelper.java:141)\r\n\tat org.testng.internal.invokers.TestInvoker.invokeMethod(TestInvoker.java:686)\r\n\tat org.testng.internal.invokers.TestInvoker.invokeTestMethod(TestInvoker.java:230)\r\n\tat org.testng.internal.invokers.MethodRunner.runInSequence(MethodRunner.java:63)\r\n\tat org.testng.internal.invokers.TestInvoker$MethodInvocationAgent.invoke(TestInvoker.java:992)\r\n\tat org.testng.internal.invokers.TestInvoker.invokeTestMethods(TestInvoker.java:203)\r\n\tat org.testng.internal.invokers.TestMethodWorker.invokeTestMethods(TestMethodWorker.java:154)\r\n\tat org.testng.internal.invokers.TestMethodWorker.run(TestMethodWorker.java:134)\r\n\tat java.base/java.util.ArrayList.forEach(ArrayList.java:1511)\r\n\tat org.testng.TestRunner.privateRun(TestRunner.java:739)\r\n\tat org.testng.TestRunner.run(TestRunner.java:614)\r\n\tat org.testng.SuiteRunner.runTest(SuiteRunner.java:421)\r\n\tat org.testng.SuiteRunner.runSequentially(SuiteRunner.java:413)\r\n\tat org.testng.SuiteRunner.privateRun(SuiteRunner.java:373)\r\n\tat org.testng.SuiteRunner.run(SuiteRunner.java:312)\r\n\tat org.testng.SuiteRunnerWorker.runSuite(SuiteRunnerWorker.java:52)\r\n\tat org.testng.SuiteRunnerWorker.run(SuiteRunnerWorker.java:95)\r\n\tat org.testng.TestNG.runSuitesSequentially(TestNG.java:1274)\r\n\tat org.testng.TestNG.runSuitesLocally(TestNG.java:1208)\r\n\tat org.testng.TestNG.runSuites(TestNG.java:1112)\r\n\tat org.testng.TestNG.run(TestNG.java:1079)\r\n\tat com.intellij.rt.testng.IDEARemoteTestNG.run(IDEARemoteTestNG.java:66)\r\n\tat com.intellij.rt.testng.RemoteTestNGStarter.main(RemoteTestNGStarter.java:109)\r\nCaused by: org.openqa.selenium.TimeoutException: timeout: Timed out receiving message from renderer: 30.000\n  (Session info: chrome=128.0.6613.137)\nBuild info: version: '4.27.0', revision: 'd6e718d134'\nSystem info: os.name: 'Windows 10', os.arch: 'amd64', os.version: '10.0', java.version: '17.0.7'\nDriver info: org.openqa.selenium.remote.RemoteWebDriver\nCommand: [aac3fff0729f1c20d17aebea72cea5b3, switchToFrame {id=2}]\nCapabilities {acceptInsecureCerts: true, browserName: chrome, browserVersion: 128.0.6613.137, chrome: {chromedriverVersion: 128.0.6613.18 (7d504c2c60ba..., userDataDir: /tmp/.org.chromium.Chromium...}, fedcm:accounts: true, goog:chromeOptions: {debuggerAddress: localhost:36207}, networkConnectionEnabled: false, pageLoadStrategy: eager, platformName: linux, proxy: Proxy(), se:cdp: ws://localhost:4444/devtool..., se:cdpVersion: 128.0.6613.137, setWindowRect: true, strictFileInteractability: false, timeouts: {implicit: 0, pageLoad: 300000, script: 30000}, unhandledPromptBehavior: accept, webauthn:extension:credBlob: true, webauthn:extension:largeBlob: true, webauthn:extension:minPinLength: true, webauthn:extension:prf: true, webauthn:virtualAuthenticators: true}\nSession ID: aac3fff0729f1c20d17aebea72cea5b3\r\n\tat java.base/jdk.internal.reflect.NativeConstructorAccessorImpl.newInstance0(Native Method)\r\n\tat java.base/jdk.internal.reflect.NativeConstructorAccessorImpl.newInstance(NativeConstructorAccessorImpl.java:77)\r\n\tat java.base/jdk.internal.reflect.DelegatingConstructorAccessorImpl.newInstance(DelegatingConstructorAccessorImpl.java:45)\r\n\tat java.base/java.lang.reflect.Constructor.newInstanceWithCaller(Constructor.java:499)\r\n\tat java.base/java.lang.reflect.Constructor.newInstance(Constructor.java:480)\r\n\tat org.openqa.selenium.remote.ErrorCodec.decode(ErrorCodec.java:167)\r\n\tat org.openqa.selenium.remote.codec.w3c.W3CHttpResponseCodec.decode(W3CHttpResponseCodec.java:138)\r\n\tat org.openqa.selenium.remote.codec.w3c.W3CHttpResponseCodec.decode(W3CHttpResponseCodec.java:50)\r\n\tat org.openqa.selenium.remote.HttpCommandExecutor.execute(HttpCommandExecutor.java:190)\r\n\tat org.openqa.selenium.remote.RemoteWebDriver.execute(RemoteWebDriver.java:545)\r\n\tat org.openqa.selenium.remote.RemoteWebDriver$RemoteTargetLocator.frame(RemoteWebDriver.java:1108)\r\n\tat org.openqa.selenium.support.ui.ExpectedConditions$18.apply(ExpectedConditions.java:518)\r\n\tat org.openqa.selenium.support.ui.ExpectedConditions$18.apply(ExpectedConditions.java:514)\r\n\tat org.openqa.selenium.support.ui.FluentWait.until(FluentWait.java:203)\r\n\tat com.codeborne.selenide.SelenideTargetLocator.lambda$frame$0(SelenideTargetLocator.java:93)\r\n\t... 33 more\r\n"},"stage":"finished","steps":[{"name":"$(\"open\") https://demoqa.com/","status":"passed","stage":"finished","steps":[{"name":"$(\"webdriver\") create()","status":"passed","stage":"finished","steps":[],"attachments":[],"parameters":[],"start":1737430599882,"stop":1737430602275}],"attachments":[],"parameters":[],"start":1737430599870,"stop":1737430603097},{"name":"$(\"By.xpath: //h5[contains(text(), 'Alerts')]\") click()","status":"passed","stage":"finished","steps":[],"attachments":[],"parameters":[],"start":1737430603100,"stop":1737430603421},{"name":"$(\"By.xpath: //span[text()='Frames']\") click()","status":"passed","stage":"finished","steps":[],"attachments":[],"parameters":[],"start":1737430603423,"stop":1737430603541},{"name":"$(\"frame(index: 2)\") switch to()","status":"failed","statusDetails":{"known":false,"muted":false,"flaky":false,"message":"No frame found with index: 2\r\nScreenshot: file:/C:/Users/Admin/IdeaProjects/demoqa-test/build/reports/tests/1737430634734.0.png\r\nPage source: file:/C:/Users/Admin/IdeaProjects/demoqa-test/build/reports/tests/1737430634734.0.html\r\nTimeout: 4 s.\r\nCaused by: TimeoutException: timeout: Timed out receiving message from renderer: 30.000","trace":"No frame found with index: 2\r\nScreenshot: file:/C:/Users/Admin/IdeaProjects/demoqa-test/build/reports/tests/1737430634734.0.png\r\nPage source: file:/C:/Users/Admin/IdeaProjects/demoqa-test/build/reports/tests/1737430634734.0.html\r\nTimeout: 4 s.\r\nCaused by: TimeoutException: timeout: Timed out receiving message from renderer: 30.000\r\n\tat com.codeborne.selenide.SelenideTargetLocator.frameNotFoundError(SelenideTargetLocator.java:298)\r\n\tat com.codeborne.selenide.SelenideTargetLocator.lambda$frame$0(SelenideTargetLocator.java:96)\r\n\tat com.codeborne.selenide.logevents.SelenideLogger.wrap(SelenideLogger.java:128)\r\n\tat com.codeborne.selenide.logevents.SelenideLogger.get(SelenideLogger.java:106)\r\n\tat com.codeborne.selenide.SelenideTargetLocator.frame(SelenideTargetLocator.java:91)\r\n\tat com.codeborne.selenide.SelenideTargetLocator.frame(SelenideTargetLocator.java:52)\r\n\tat page.FramesPage.getSecondFrameText(FramesPage.java:20)\r\n\tat DemoqaTest.secondFrameTest(DemoqaTest.java:232)\r\n\tat java.base/jdk.internal.reflect.NativeMethodAccessorImpl.invoke0(Native Method)\r\n\tat java.base/jdk.internal.reflect.NativeMethodAccessorImpl.invoke(NativeMethodAccessorImpl.java:77)\r\n\tat java.base/jdk.internal.reflect.DelegatingMethodAccessorImpl.invoke(DelegatingMethodAccessorImpl.java:43)\r\n\tat java.base/java.lang.reflect.Method.invoke(Method.java:568)\r\n\tat org.testng.internal.invokers.MethodInvocationHelper.invokeMethod(MethodInvocationHelper.java:141)\r\n\tat org.testng.internal.invokers.TestInvoker.invokeMethod(TestInvoker.java:686)\r\n\tat org.testng.internal.invokers.TestInvoker.invokeTestMethod(TestInvoker.java:230)\r\n\tat org.testng.internal.invokers.MethodRunner.runInSequence(MethodRunner.java:63)\r\n\tat org.testng.internal.invokers.TestInvoker$MethodInvocationAgent.invoke(TestInvoker.java:992)\r\n\tat org.testng.internal.invokers.TestInvoker.invokeTestMethods(TestInvoker.java:203)\r\n\tat org.testng.internal.invokers.TestMethodWorker.invokeTestMethods(TestMethodWorker.java:154)\r\n\tat org.testng.internal.invokers.TestMethodWorker.run(TestMethodWorker.java:134)\r\n\tat java.base/java.util.ArrayList.forEach(ArrayList.java:1511)\r\n\tat org.testng.TestRunner.privateRun(TestRunner.java:739)\r\n\tat org.testng.TestRunner.run(TestRunner.java:614)\r\n\tat org.testng.SuiteRunner.runTest(SuiteRunner.java:421)\r\n\tat org.testng.SuiteRunner.runSequentially(SuiteRunner.java:413)\r\n\tat org.testng.SuiteRunner.privateRun(SuiteRunner.java:373)\r\n\tat org.testng.SuiteRunner.run(SuiteRunner.java:312)\r\n\tat org.testng.SuiteRunnerWorker.runSuite(SuiteRunnerWorker.java:52)\r\n\tat org.testng.SuiteRunnerWorker.run(SuiteRunnerWorker.java:95)\r\n\tat org.testng.TestNG.runSuitesSequentially(TestNG.java:1274)\r\n\tat org.testng.TestNG.runSuitesLocally(TestNG.java:1208)\r\n\tat org.testng.TestNG.runSuites(TestNG.java:1112)\r\n\tat org.testng.TestNG.run(TestNG.java:1079)\r\n\tat com.intellij.rt.testng.IDEARemoteTestNG.run(IDEARemoteTestNG.java:66)\r\n\tat com.intellij.rt.testng.RemoteTestNGStarter.main(RemoteTestNGStarter.java:109)\r\nCaused by: org.openqa.selenium.TimeoutException: timeout: Timed out receiving message from renderer: 30.000\n  (Session info: chrome=128.0.6613.137)\nBuild info: version: '4.27.0', revision: 'd6e718d134'\nSystem info: os.name: 'Windows 10', os.arch: 'amd64', os.version: '10.0', java.version: '17.0.7'\nDriver info: org.openqa.selenium.remote.RemoteWebDriver\nCommand: [aac3fff0729f1c20d17aebea72cea5b3, switchToFrame {id=2}]\nCapabilities {acceptInsecureCerts: true, browserName: chrome, browserVersion: 128.0.6613.137, chrome: {chromedriverVersion: 128.0.6613.18 (7d504c2c60ba..., userDataDir: /tmp/.org.chromium.Chromium...}, fedcm:accounts: true, goog:chromeOptions: {debuggerAddress: localhost:36207}, networkConnectionEnabled: false, pageLoadStrategy: eager, platformName: linux, proxy: Proxy(), se:cdp: ws://localhost:4444/devtool..., se:cdpVersion: 128.0.6613.137, setWindowRect: true, strictFileInteractability: false, timeouts: {implicit: 0, pageLoad: 300000, script: 30000}, unhandledPromptBehavior: accept, webauthn:extension:credBlob: true, webauthn:extension:largeBlob: true, webauthn:extension:minPinLength: true, webauthn:extension:prf: true, webauthn:virtualAuthenticators: true}\nSession ID: aac3fff0729f1c20d17aebea72cea5b3\r\n\tat java.base/jdk.internal.reflect.NativeConstructorAccessorImpl.newInstance0(Native Method)\r\n\tat java.base/jdk.internal.reflect.NativeConstructorAccessorImpl.newInstance(NativeConstructorAccessorImpl.java:77)\r\n\tat java.base/jdk.internal.reflect.DelegatingConstructorAccessorImpl.newInstance(DelegatingConstructorAccessorImpl.java:45)\r\n\tat java.base/java.lang.reflect.Constructor.newInstanceWithCaller(Constructor.java:499)\r\n\tat java.base/java.lang.reflect.Constructor.newInstance(Constructor.java:480)\r\n\tat org.openqa.selenium.remote.ErrorCodec.decode(ErrorCodec.java:167)\r\n\tat org.openqa.selenium.remote.codec.w3c.W3CHttpResponseCodec.decode(W3CHttpResponseCodec.java:138)\r\n\tat org.openqa.selenium.remote.codec.w3c.W3CHttpResponseCodec.decode(W3CHttpResponseCodec.java:50)\r\n\tat org.openqa.selenium.remote.HttpCommandExecutor.execute(HttpCommandExecutor.java:190)\r\n\tat org.openqa.selenium.remote.RemoteWebDriver.execute(RemoteWebDriver.java:545)\r\n\tat org.openqa.selenium.remote.RemoteWebDriver$RemoteTargetLocator.frame(RemoteWebDriver.java:1108)\r\n\tat org.openqa.selenium.support.ui.ExpectedConditions$18.apply(ExpectedConditions.java:518)\r\n\tat org.openqa.selenium.support.ui.ExpectedConditions$18.apply(ExpectedConditions.java:514)\r\n\tat org.openqa.selenium.support.ui.FluentWait.until(FluentWait.java:203)\r\n\tat com.codeborne.selenide.SelenideTargetLocator.lambda$frame$0(SelenideTargetLocator.java:93)\r\n\t... 33 more\r\n"},"stage":"finished","steps":[],"attachments":[{"name":"Screenshot","source":"130d0d99-774f-4e9b-99f6-9fd070dbb4a5-attachment.png","type":"image/png"},{"name":"Page source","source":"95f2a7d9-15fa-4df2-8f9f-919d44b68a07-attachment.html","type":"text/html"}],"parameters":[],"start":1737430603555,"stop":1737430635118}],"attachments":[],"parameters":[],"start":1737430599493,"stop":1737430635121}